<?xml version="1.0" encoding="UTF-8"?>
<testng-results skipped="0" failed="0" ignored="0" total="1" passed="1">
  <reporter-output>
  </reporter-output>
  <suite name="Default suite" duration-ms="534" started-at="2019-07-17T09:30:48Z" finished-at="2019-07-17T09:30:49Z">
    <groups>
    </groups>
    <test name="Default test" duration-ms="534" started-at="2019-07-17T09:30:48Z" finished-at="2019-07-17T09:30:49Z">
      <class name="ExtentReport.ER_Excel">
        <test-method status="PASS" signature="report_build()[pri:0, instance:ExtentReport.ER_Excel@1f36e637]" name="report_build" duration-ms="508" started-at="2019-07-17T09:30:48Z" finished-at="2019-07-17T09:30:49Z">
          <reporter-output>
          </reporter-output>
        </test-method> <!-- report_build -->
      </class> <!-- ExtentReport.ER_Excel -->
    </test> <!-- Default test -->
  </suite> <!-- Default suite -->
</testng-results>
